<component name="libraryTable">
  <library name="junit-jupiter-api-5.0.0-M2">
    <CLASSES />
    <JAVADOC />
    <SOURCES />
  </library>
</component>